<?xml version="1.0" encoding="UTF-8"?>
<testng-results ignored="0" total="2" passed="2" failed="0" skipped="0">
  <reporter-output>
  </reporter-output>
  <suite started-at="2022-09-13T23:23:54 EDT" name="TestV1" finished-at="2022-09-13T23:24:07 EDT" duration-ms="12497">
    <groups>
    </groups>
    <test started-at="2022-09-13T23:23:54 EDT" name="ApiTests" finished-at="2022-09-13T23:24:07 EDT" duration-ms="12497">
      <class name="com.trax.testCases.TC_POSTRestAssureds">
        <test-method signature="POSTRestAssureds()[pri:0, instance:com.trax.testCases.TC_POSTRestAssureds@470f1802]" started-at="2022-09-13T23:24:06 EDT" name="POSTRestAssureds" finished-at="2022-09-13T23:24:07 EDT" duration-ms="580" status="PASS">
          <reporter-output>
          </reporter-output>
        </test-method> <!-- POSTRestAssureds -->
      </class> <!-- com.trax.testCases.TC_POSTRestAssureds -->
      <class name="com.trax.testCases.TC_GETRestAssureds">
        <test-method signature="GETRestAssureds()[pri:0, instance:com.trax.testCases.TC_GETRestAssureds@3e2e18f2]" started-at="2022-09-13T23:23:54 EDT" name="GETRestAssureds" finished-at="2022-09-13T23:24:06 EDT" duration-ms="11881" status="PASS">
          <reporter-output>
          </reporter-output>
        </test-method> <!-- GETRestAssureds -->
      </class> <!-- com.trax.testCases.TC_GETRestAssureds -->
    </test> <!-- ApiTests -->
  </suite> <!-- TestV1 -->
</testng-results>
