<?xml version="1.0" encoding="UTF-8"?>
<testng-results ignored="0" total="2" passed="2" failed="0" skipped="0">
  <reporter-output>
  </reporter-output>
  <suite started-at="2022-09-13T18:28:06 EDT" name="TestV1" finished-at="2022-09-13T18:28:09 EDT" duration-ms="2942">
    <groups>
    </groups>
    <test started-at="2022-09-13T18:28:06 EDT" name="ApiTests" finished-at="2022-09-13T18:28:09 EDT" duration-ms="2942">
      <class name="com.trax.testCases.TC_GETRestAssured">
        <test-method signature="GETRestAssured()[pri:0, instance:com.trax.testCases.TC_GETRestAssured@3c419631]" started-at="2022-09-13T18:28:06 EDT" name="GETRestAssured" finished-at="2022-09-13T18:28:08 EDT" duration-ms="2327" status="PASS">
          <reporter-output>
          </reporter-output>
        </test-method> <!-- GETRestAssured -->
      </class> <!-- com.trax.testCases.TC_GETRestAssured -->
      <class name="com.trax.testCases.TC_POSTRestAssured">
        <test-method signature="POSTRestAssured()[pri:0, instance:com.trax.testCases.TC_POSTRestAssured@418e7838]" started-at="2022-09-13T18:28:08 EDT" name="POSTRestAssured" finished-at="2022-09-13T18:28:09 EDT" duration-ms="587" status="PASS">
          <reporter-output>
          </reporter-output>
        </test-method> <!-- POSTRestAssured -->
      </class> <!-- com.trax.testCases.TC_POSTRestAssured -->
    </test> <!-- ApiTests -->
  </suite> <!-- TestV1 -->
</testng-results>
